  Building Custom Rule C:/Users/tonir/cbwin/outbash/CMakeLists.txt
  CMake does not need to re-run because C:\Users\tonir\cbwin\outbash\build\CMakeFiles\generate.stamp is up-to-date.
  utf.cpp
C:\Program Files (x86)\Microsoft Visual Studio 14.0\VC\include\xlocale(341): warning C4530: Se ha utilizado el controlador de excepciones de C++, pero la semántica de desenredo no está habilitada. Especifique /EHsc
C:\Program Files (x86)\Microsoft Visual Studio 14.0\VC\include\exception(359): warning C4577: si se usa 'noexcept' sin ningún modo de control de excepciones especificado, la finalización de la excepción no está garantizada. Especifique /EHsc
  env.cpp
C:\Program Files (x86)\Microsoft Visual Studio 14.0\VC\include\xlocale(341): warning C4530: Se ha utilizado el controlador de excepciones de C++, pero la semántica de desenredo no está habilitada. Especifique /EHsc
C:\Program Files (x86)\Microsoft Visual Studio 14.0\VC\include\limits(210): warning C4577: si se usa 'noexcept' sin ningún modo de control de excepciones especificado, la finalización de la excepción no está garantizada. Especifique /EHsc
  process.cpp
C:\Program Files (x86)\Microsoft Visual Studio 14.0\VC\include\xlocale(341): warning C4530: Se ha utilizado el controlador de excepciones de C++, pero la semántica de desenredo no está habilitada. Especifique /EHsc
C:\Program Files (x86)\Microsoft Visual Studio 14.0\VC\include\limits(210): warning C4577: si se usa 'noexcept' sin ningún modo de control de excepciones especificado, la finalización de la excepción no está garantizada. Especifique /EHsc
  win_except.cpp
C:\Program Files (x86)\Microsoft Visual Studio 14.0\VC\include\xstring(2195): warning C4530: Se ha utilizado el controlador de excepciones de C++, pero la semántica de desenredo no está habilitada. Especifique /EHsc
  C:\Program Files (x86)\Microsoft Visual Studio 14.0\VC\include\xstring(2182): note: durante la compilación de la función miembro de plantilla de clase 'void std::basic_string<char,std::char_traits<char>,std::allocator<char>>::_Copy(unsigned int,unsigned int)'
  C:\Program Files (x86)\Microsoft Visual Studio 14.0\VC\include\xstring(2228): note: vea la referencia a la creación de instancias de plantilla de función 'void std::basic_string<char,std::char_traits<char>,std::allocator<char>>::_Copy(unsigned int,unsigned int)' que se está compilando
  C:\Program Files (x86)\Microsoft Visual Studio 14.0\VC\include\stdexcept(21): note: vea la referencia a la creación de instancias de plantilla de clase 'std::basic_string<char,std::char_traits<char>,std::allocator<char>>' que se está compilando
C:\Program Files (x86)\Microsoft Visual Studio 14.0\VC\include\exception(359): warning C4577: si se usa 'noexcept' sin ningún modo de control de excepciones especificado, la finalización de la excepción no está garantizada. Especifique /EHsc
  ntsuspend.cpp
  security.cpp
C:\Program Files (x86)\Microsoft Visual Studio 14.0\VC\include\xlocale(341): warning C4530: Se ha utilizado el controlador de excepciones de C++, pero la semántica de desenredo no está habilitada. Especifique /EHsc
C:\Program Files (x86)\Microsoft Visual Studio 14.0\VC\include\exception(359): warning C4577: si se usa 'noexcept' sin ningún modo de control de excepciones especificado, la finalización de la excepción no está garantizada. Especifique /EHsc
  job.cpp
C:\Users\tonir\cbwin\outbash\job.cpp(98): warning C4293: '>>': recuento de desplazamientos negativo o demasiado grande; comportamiento impredecible
C:\Users\tonir\cbwin\outbash\job.cpp(146): warning C4293: '>>': recuento de desplazamientos negativo o demasiado grande; comportamiento impredecible
C:\Users\tonir\cbwin\outbash\job.cpp(155): warning C4293: '<<': recuento de desplazamientos negativo o demasiado grande; comportamiento impredecible
C:\Users\tonir\cbwin\outbash\job.cpp(248): warning C4293: '>>': recuento de desplazamientos negativo o demasiado grande; comportamiento impredecible
C:\Users\tonir\cbwin\outbash\job.cpp(276): warning C4293: '<<': recuento de desplazamientos negativo o demasiado grande; comportamiento impredecible
C:\Users\tonir\cbwin\outbash\job.cpp(293): warning C4293: '<<': recuento de desplazamientos negativo o demasiado grande; comportamiento impredecible
C:\Users\tonir\cbwin\outbash\job.cpp(314): warning C4293: '<<': recuento de desplazamientos negativo o demasiado grande; comportamiento impredecible
C:\Users\tonir\cbwin\outbash\job.cpp(333): warning C4293: '<<': recuento de desplazamientos negativo o demasiado grande; comportamiento impredecible
C:\Users\tonir\cbwin\outbash\job.cpp(353): warning C4293: '>>': recuento de desplazamientos negativo o demasiado grande; comportamiento impredecible
C:\Users\tonir\cbwin\outbash\job.cpp(372): warning C4293: '>>': recuento de desplazamientos negativo o demasiado grande; comportamiento impredecible
C:\Users\tonir\cbwin\outbash\job.cpp(377): warning C4293: '<<': recuento de desplazamientos negativo o demasiado grande; comportamiento impredecible
C:\Users\tonir\cbwin\outbash\job.cpp(387): warning C4018: '<': no coinciden signed/unsigned
C:\Users\tonir\cbwin\outbash\job.cpp(388): warning C4293: '>>': recuento de desplazamientos negativo o demasiado grande; comportamiento impredecible
C:\Program Files (x86)\Microsoft Visual Studio 14.0\VC\include\exception(359): warning C4577: si se usa 'noexcept' sin ningún modo de control de excepciones especificado, la finalización de la excepción no está garantizada. Especifique /EHsc
  tcp_help.cpp
C:\Program Files (x86)\Microsoft Visual Studio 14.0\VC\include\exception(359): warning C4577: si se usa 'noexcept' sin ningún modo de control de excepciones especificado, la finalización de la excepción no está garantizada. Especifique /EHsc
  outbash.cpp
C:\Program Files (x86)\Microsoft Visual Studio 14.0\VC\include\xlocale(341): warning C4530: Se ha utilizado el controlador de excepciones de C++, pero la semántica de desenredo no está habilitada. Especifique /EHsc
C:\Program Files (x86)\Microsoft Visual Studio 14.0\VC\include\limits(210): warning C4577: si se usa 'noexcept' sin ningún modo de control de excepciones especificado, la finalización de la excepción no está garantizada. Especifique /EHsc
  Generando código...
  outbash.vcxproj -> C:\Users\tonir\cbwin\outbash\build\Release\outbash.exe
