Compiling the C compiler identification source file "CMakeCCompilerId.c" failed.
Compiler:  
Build flags: 
Id flags: 

The output was:
1
Microsoft (R) Build Engine, versi¢n 14.0.25420.1
Copyright (C) Microsoft Corporation. Todos los derechos reservados.

Compilaci¢n iniciada a las 26/09/2016 12:23:20.
Proyecto "C:\Users\tonir\cbwin\outbash\build\CMakeFiles\3.6.2\CompilerIdC\CompilerIdC.vcxproj" en nodo 1 (destinos predeterminados).
C:\Program Files (x86)\MSBuild\Microsoft.Cpp\v4.0\V140\Platforms\Win32\PlatformToolsets\v140\Toolset.targets(34,5): error MSB8036: The Windows SDK version 8.1 was not found. Install the required version of Windows SDK or change the SDK version in the project property pages or by right-clicking the solution and selecting "Retarget solution". [C:\Users\tonir\cbwin\outbash\build\CMakeFiles\3.6.2\CompilerIdC\CompilerIdC.vcxproj]
Compilaci¢n del proyecto terminada "C:\Users\tonir\cbwin\outbash\build\CMakeFiles\3.6.2\CompilerIdC\CompilerIdC.vcxproj" (destinos predeterminados) -- ERROR.

ERROR al compilar.

"C:\Users\tonir\cbwin\outbash\build\CMakeFiles\3.6.2\CompilerIdC\CompilerIdC.vcxproj" (destino predeterminado) (1) ->
(Desktop_PlatformPrepareForBuild destino) -> 
  C:\Program Files (x86)\MSBuild\Microsoft.Cpp\v4.0\V140\Platforms\Win32\PlatformToolsets\v140\Toolset.targets(34,5): error MSB8036: The Windows SDK version 8.1 was not found. Install the required version of Windows SDK or change the SDK version in the project property pages or by right-clicking the solution and selecting "Retarget solution". [C:\Users\tonir\cbwin\outbash\build\CMakeFiles\3.6.2\CompilerIdC\CompilerIdC.vcxproj]

    0 Advertencia(s)
    1 Errores

Tiempo transcurrido 00:00:00.46


Compiling the CXX compiler identification source file "CMakeCXXCompilerId.cpp" failed.
Compiler:  
Build flags: 
Id flags: 

The output was:
1
Microsoft (R) Build Engine, versi¢n 14.0.25420.1
Copyright (C) Microsoft Corporation. Todos los derechos reservados.

Compilaci¢n iniciada a las 26/09/2016 12:23:21.
Proyecto "C:\Users\tonir\cbwin\outbash\build\CMakeFiles\3.6.2\CompilerIdCXX\CompilerIdCXX.vcxproj" en nodo 1 (destinos predeterminados).
C:\Program Files (x86)\MSBuild\Microsoft.Cpp\v4.0\V140\Platforms\Win32\PlatformToolsets\v140\Toolset.targets(34,5): error MSB8036: The Windows SDK version 8.1 was not found. Install the required version of Windows SDK or change the SDK version in the project property pages or by right-clicking the solution and selecting "Retarget solution". [C:\Users\tonir\cbwin\outbash\build\CMakeFiles\3.6.2\CompilerIdCXX\CompilerIdCXX.vcxproj]
Compilaci¢n del proyecto terminada "C:\Users\tonir\cbwin\outbash\build\CMakeFiles\3.6.2\CompilerIdCXX\CompilerIdCXX.vcxproj" (destinos predeterminados) -- ERROR.

ERROR al compilar.

"C:\Users\tonir\cbwin\outbash\build\CMakeFiles\3.6.2\CompilerIdCXX\CompilerIdCXX.vcxproj" (destino predeterminado) (1) ->
(Desktop_PlatformPrepareForBuild destino) -> 
  C:\Program Files (x86)\MSBuild\Microsoft.Cpp\v4.0\V140\Platforms\Win32\PlatformToolsets\v140\Toolset.targets(34,5): error MSB8036: The Windows SDK version 8.1 was not found. Install the required version of Windows SDK or change the SDK version in the project property pages or by right-clicking the solution and selecting "Retarget solution". [C:\Users\tonir\cbwin\outbash\build\CMakeFiles\3.6.2\CompilerIdCXX\CompilerIdCXX.vcxproj]

    0 Advertencia(s)
    1 Errores

Tiempo transcurrido 00:00:00.10


Compiling the C compiler identification source file "CMakeCCompilerId.c" failed.
Compiler:  
Build flags: 
Id flags: 

The output was:
1
Microsoft (R) Build Engine, versi¢n 14.0.25420.1
Copyright (C) Microsoft Corporation. Todos los derechos reservados.

Compilaci¢n iniciada a las 26/09/2016 12:23:26.
Proyecto "C:\Users\tonir\cbwin\outbash\build\CMakeFiles\3.6.2\CompilerIdC\CompilerIdC.vcxproj" en nodo 1 (destinos predeterminados).
C:\Program Files (x86)\MSBuild\Microsoft.Cpp\v4.0\V140\Platforms\Win32\PlatformToolsets\v140\Toolset.targets(34,5): error MSB8036: The Windows SDK version 8.1 was not found. Install the required version of Windows SDK or change the SDK version in the project property pages or by right-clicking the solution and selecting "Retarget solution". [C:\Users\tonir\cbwin\outbash\build\CMakeFiles\3.6.2\CompilerIdC\CompilerIdC.vcxproj]
Compilaci¢n del proyecto terminada "C:\Users\tonir\cbwin\outbash\build\CMakeFiles\3.6.2\CompilerIdC\CompilerIdC.vcxproj" (destinos predeterminados) -- ERROR.

ERROR al compilar.

"C:\Users\tonir\cbwin\outbash\build\CMakeFiles\3.6.2\CompilerIdC\CompilerIdC.vcxproj" (destino predeterminado) (1) ->
(Desktop_PlatformPrepareForBuild destino) -> 
  C:\Program Files (x86)\MSBuild\Microsoft.Cpp\v4.0\V140\Platforms\Win32\PlatformToolsets\v140\Toolset.targets(34,5): error MSB8036: The Windows SDK version 8.1 was not found. Install the required version of Windows SDK or change the SDK version in the project property pages or by right-clicking the solution and selecting "Retarget solution". [C:\Users\tonir\cbwin\outbash\build\CMakeFiles\3.6.2\CompilerIdC\CompilerIdC.vcxproj]

    0 Advertencia(s)
    1 Errores

Tiempo transcurrido 00:00:00.09


Compiling the CXX compiler identification source file "CMakeCXXCompilerId.cpp" failed.
Compiler:  
Build flags: 
Id flags: 

The output was:
1
Microsoft (R) Build Engine, versi¢n 14.0.25420.1
Copyright (C) Microsoft Corporation. Todos los derechos reservados.

Compilaci¢n iniciada a las 26/09/2016 12:23:27.
Proyecto "C:\Users\tonir\cbwin\outbash\build\CMakeFiles\3.6.2\CompilerIdCXX\CompilerIdCXX.vcxproj" en nodo 1 (destinos predeterminados).
C:\Program Files (x86)\MSBuild\Microsoft.Cpp\v4.0\V140\Platforms\Win32\PlatformToolsets\v140\Toolset.targets(34,5): error MSB8036: The Windows SDK version 8.1 was not found. Install the required version of Windows SDK or change the SDK version in the project property pages or by right-clicking the solution and selecting "Retarget solution". [C:\Users\tonir\cbwin\outbash\build\CMakeFiles\3.6.2\CompilerIdCXX\CompilerIdCXX.vcxproj]
Compilaci¢n del proyecto terminada "C:\Users\tonir\cbwin\outbash\build\CMakeFiles\3.6.2\CompilerIdCXX\CompilerIdCXX.vcxproj" (destinos predeterminados) -- ERROR.

ERROR al compilar.

"C:\Users\tonir\cbwin\outbash\build\CMakeFiles\3.6.2\CompilerIdCXX\CompilerIdCXX.vcxproj" (destino predeterminado) (1) ->
(Desktop_PlatformPrepareForBuild destino) -> 
  C:\Program Files (x86)\MSBuild\Microsoft.Cpp\v4.0\V140\Platforms\Win32\PlatformToolsets\v140\Toolset.targets(34,5): error MSB8036: The Windows SDK version 8.1 was not found. Install the required version of Windows SDK or change the SDK version in the project property pages or by right-clicking the solution and selecting "Retarget solution". [C:\Users\tonir\cbwin\outbash\build\CMakeFiles\3.6.2\CompilerIdCXX\CompilerIdCXX.vcxproj]

    0 Advertencia(s)
    1 Errores

Tiempo transcurrido 00:00:00.09


